<?xml version="1.0" encoding="UTF-8"?>
<testsuite name="com.dsmanioto.productsapi.ProductsApiApplicationTests" tests="1" skipped="0" failures="0" errors="0" timestamp="2020-09-12T20:50:01" hostname="danielnote-Inspiron-5557" time="0.314">
  <properties/>
  <testcase name="contextLoads()" classname="com.dsmanioto.productsapi.ProductsApiApplicationTests" time="0.314"/>
  <system-out><![CDATA[17:49:56.029 [Test worker] INFO  o.s.b.t.c.SpringBootTestContextBootstrapper - Neither @ContextConfiguration nor @ContextHierarchy found for test class [com.dsmanioto.productsapi.ProductsApiApplicationTests], using SpringBootContextLoader
17:49:56.038 [Test worker] INFO  o.s.t.c.s.AbstractContextLoader - Could not detect default resource locations for test class [com.dsmanioto.productsapi.ProductsApiApplicationTests]: no resource found for suffixes {-context.xml, Context.groovy}.
17:49:56.039 [Test worker] INFO  o.s.t.c.s.AnnotationConfigContextLoaderUtils - Could not detect default configuration classes for test class [com.dsmanioto.productsapi.ProductsApiApplicationTests]: ProductsApiApplicationTests does not declare any static, non-private, non-final, nested classes annotated with @Configuration.
17:49:56.154 [Test worker] INFO  o.s.b.t.c.SpringBootTestContextBootstrapper - Found @SpringBootConfiguration com.dsmanioto.productsapi.ProductsApiApplication for test class com.dsmanioto.productsapi.ProductsApiApplicationTests
17:49:56.273 [Test worker] INFO  o.s.b.t.c.SpringBootTestContextBootstrapper - Loaded default TestExecutionListener class names from location [META-INF/spring.factories]: [org.springframework.security.test.context.support.WithSecurityContextTestExecutionListener, org.springframework.security.test.context.support.ReactorContextTestExecutionListener, org.springframework.boot.test.autoconfigure.restdocs.RestDocsTestExecutionListener, org.springframework.boot.test.autoconfigure.web.client.MockRestServiceServerResetTestExecutionListener, org.springframework.boot.test.autoconfigure.web.servlet.MockMvcPrintOnlyOnFailureTestExecutionListener, org.springframework.boot.test.autoconfigure.web.servlet.WebDriverTestExecutionListener, org.springframework.boot.test.autoconfigure.webservices.client.MockWebServiceServerTestExecutionListener, org.springframework.boot.test.mock.mockito.MockitoTestExecutionListener, org.springframework.boot.test.mock.mockito.ResetMocksTestExecutionListener, org.springframework.test.context.web.ServletTestExecutionListener, org.springframework.test.context.support.DirtiesContextBeforeModesTestExecutionListener, org.springframework.test.context.support.DependencyInjectionTestExecutionListener, org.springframework.test.context.support.DirtiesContextTestExecutionListener, org.springframework.test.context.transaction.TransactionalTestExecutionListener, org.springframework.test.context.jdbc.SqlScriptsTestExecutionListener, org.springframework.test.context.event.EventPublishingTestExecutionListener]
17:49:56.288 [Test worker] INFO  o.s.b.t.c.SpringBootTestContextBootstrapper - Using TestExecutionListeners: [org.springframework.test.context.web.ServletTestExecutionListener@49670fcc, org.springframework.test.context.support.DirtiesContextBeforeModesTestExecutionListener@65c2b7cc, org.springframework.boot.test.mock.mockito.MockitoTestExecutionListener@4b204913, org.springframework.boot.test.autoconfigure.SpringBootDependencyInjectionTestExecutionListener@4447d879, org.springframework.test.context.support.DirtiesContextTestExecutionListener@352fa652, org.springframework.test.context.transaction.TransactionalTestExecutionListener@45230bec, org.springframework.test.context.jdbc.SqlScriptsTestExecutionListener@c02ba8a, org.springframework.security.test.context.support.WithSecurityContextTestExecutionListener@76fc2f63, org.springframework.test.context.event.EventPublishingTestExecutionListener@3ea90ad8, org.springframework.security.test.context.support.ReactorContextTestExecutionListener@63881a8a, org.springframework.boot.test.autoconfigure.restdocs.RestDocsTestExecutionListener@7a472a9b, org.springframework.boot.test.autoconfigure.web.client.MockRestServiceServerResetTestExecutionListener@6d579587, org.springframework.boot.test.autoconfigure.web.servlet.MockMvcPrintOnlyOnFailureTestExecutionListener@1bdebd3f, org.springframework.boot.test.autoconfigure.web.servlet.WebDriverTestExecutionListener@38a1b884, org.springframework.boot.test.autoconfigure.webservices.client.MockWebServiceServerTestExecutionListener@7bf14ef9, org.springframework.boot.test.mock.mockito.ResetMocksTestExecutionListener@2a5b07ad]

  .   ____          _            __ _ _
 /\\ / ___'_ __ _ _(_)_ __  __ _ \ \ \ \
( ( )\___ | '_ | '_| | '_ \/ _` | \ \ \ \
 \\/  ___)| |_)| | | | | || (_| |  ) ) ) )
  '  |____| .__|_| |_|_| |_\__, | / / / /
 =========|_|==============|___/=/_/_/_/
 :: Spring Boot ::        (v2.3.3.RELEASE)

17:49:56.617 [background-preinit] INFO  o.h.validator.internal.util.Version - HV000001: Hibernate Validator 6.1.5.Final
17:49:56.644 [Test worker] INFO  c.d.p.ProductsApiApplicationTests - Starting ProductsApiApplicationTests on danielnote-Inspiron-5557 with PID 14788 (started by daniel-note in /home/daniel-note/projetos/products-api)
17:49:56.656 [Test worker] INFO  c.d.p.ProductsApiApplicationTests - No active profile set, falling back to default profiles: default
17:49:57.940 [Test worker] INFO  o.s.d.r.c.RepositoryConfigurationDelegate - Multiple Spring Data modules found, entering strict repository configuration mode!
17:49:57.941 [Test worker] INFO  o.s.d.r.c.RepositoryConfigurationDelegate - Bootstrapping Spring Data MongoDB repositories in DEFAULT mode.
17:49:58.002 [Test worker] INFO  o.s.d.r.c.RepositoryConfigurationDelegate - Finished Spring Data repository scanning in 57ms. Found 1 MongoDB repository interfaces.
17:49:59.281 [Test worker] INFO  org.mongodb.driver.cluster - Cluster created with settings {hosts=[127.0.0.1:27017], mode=SINGLE, requiredClusterType=UNKNOWN, serverSelectionTimeout='30000 ms'}
17:49:59.366 [cluster-ClusterId{value='5f5d347708de3550c187ca40', description='null'}-127.0.0.1:27017] INFO  org.mongodb.driver.connection - Opened connection [connectionId{localValue:1, serverValue:7}] to 127.0.0.1:27017
17:49:59.375 [cluster-ClusterId{value='5f5d347708de3550c187ca40', description='null'}-127.0.0.1:27017] INFO  org.mongodb.driver.cluster - Monitor thread successfully connected to server with description ServerDescription{address=127.0.0.1:27017, type=STANDALONE, state=CONNECTED, ok=true, minWireVersion=0, maxWireVersion=8, maxDocumentSize=16777216, logicalSessionTimeoutMinutes=30, roundTripTimeNanos=6421983}
17:50:00.347 [Test worker] INFO  o.s.b.a.e.web.EndpointLinksResolver - Exposing 2 endpoint(s) beneath base path '/actuator'
17:50:00.705 [Test worker] INFO  o.s.s.web.DefaultSecurityFilterChain - Creating filter chain: any request, [org.springframework.security.web.context.request.async.WebAsyncManagerIntegrationFilter@9692584, org.springframework.security.web.context.SecurityContextPersistenceFilter@7873e766, org.springframework.security.web.header.HeaderWriterFilter@2afaf533, org.springframework.security.web.authentication.logout.LogoutFilter@5c84c015, org.springframework.security.web.authentication.www.BasicAuthenticationFilter@488a7445, org.springframework.security.web.savedrequest.RequestCacheAwareFilter@3a66f7aa, org.springframework.security.web.servletapi.SecurityContextHolderAwareRequestFilter@838a8a4, org.springframework.security.web.authentication.AnonymousAuthenticationFilter@77c116f0, org.springframework.security.web.session.SessionManagementFilter@4c4c29e2, org.springframework.security.web.access.ExceptionTranslationFilter@1df2e1b2, org.springframework.security.web.access.intercept.FilterSecurityInterceptor@5448ed1]
17:50:00.769 [Test worker] INFO  s.d.s.w.PropertySourcedRequestMappingHandlerMapping - Mapped URL path [/v2/api-docs] onto method [springfox.documentation.swagger2.web.Swagger2Controller#getDocumentation(String, HttpServletRequest)]
17:50:01.078 [Test worker] INFO  o.s.s.c.ThreadPoolTaskExecutor - Initializing ExecutorService 'applicationTaskExecutor'
17:50:01.390 [Test worker] INFO  s.d.s.w.p.DocumentationPluginsBootstrapper - Context refreshed
17:50:01.416 [Test worker] INFO  s.d.s.w.p.DocumentationPluginsBootstrapper - Found 1 custom documentation plugin(s)
17:50:01.449 [Test worker] INFO  s.d.s.w.s.ApiListingReferenceScanner - Scanning for api listing references
17:50:01.605 [Test worker] INFO  c.d.p.ProductsApiApplicationTests - Started ProductsApiApplicationTests in 5.28 seconds (JVM running for 6.709)
]]></system-out>
  <system-err><![CDATA[]]></system-err>
</testsuite>
