<?xml version="1.0" encoding="UTF-8"?>
<testsuite name="com.dsmanioto.productsapi.ProductsApiApplicationTests" tests="1" skipped="0" failures="0" errors="0" timestamp="2020-09-11T01:26:43" hostname="000868" time="0.007">
  <properties/>
  <testcase name="contextLoads()" classname="com.dsmanioto.productsapi.ProductsApiApplicationTests" time="0.007"/>
  <system-out><![CDATA[22:26:42.317 [Test worker] INFO  o.s.b.t.c.SpringBootTestContextBootstrapper - Neither @ContextConfiguration nor @ContextHierarchy found for test class [com.dsmanioto.productsapi.ProductsApiApplicationTests], using SpringBootContextLoader
22:26:42.318 [Test worker] INFO  o.s.t.c.s.AbstractContextLoader - Could not detect default resource locations for test class [com.dsmanioto.productsapi.ProductsApiApplicationTests]: no resource found for suffixes {-context.xml, Context.groovy}.
22:26:42.318 [Test worker] INFO  o.s.t.c.s.AnnotationConfigContextLoaderUtils - Could not detect default configuration classes for test class [com.dsmanioto.productsapi.ProductsApiApplicationTests]: ProductsApiApplicationTests does not declare any static, non-private, non-final, nested classes annotated with @Configuration.
22:26:42.322 [Test worker] INFO  o.s.b.t.c.SpringBootTestContextBootstrapper - Found @SpringBootConfiguration com.dsmanioto.productsapi.ProductsApiApplication for test class com.dsmanioto.productsapi.ProductsApiApplicationTests
22:26:42.323 [Test worker] INFO  o.s.b.t.c.SpringBootTestContextBootstrapper - Loaded default TestExecutionListener class names from location [META-INF/spring.factories]: [org.springframework.security.test.context.support.WithSecurityContextTestExecutionListener, org.springframework.security.test.context.support.ReactorContextTestExecutionListener, org.springframework.boot.test.autoconfigure.restdocs.RestDocsTestExecutionListener, org.springframework.boot.test.autoconfigure.web.client.MockRestServiceServerResetTestExecutionListener, org.springframework.boot.test.autoconfigure.web.servlet.MockMvcPrintOnlyOnFailureTestExecutionListener, org.springframework.boot.test.autoconfigure.web.servlet.WebDriverTestExecutionListener, org.springframework.boot.test.autoconfigure.webservices.client.MockWebServiceServerTestExecutionListener, org.springframework.boot.test.mock.mockito.MockitoTestExecutionListener, org.springframework.boot.test.mock.mockito.ResetMocksTestExecutionListener, org.springframework.test.context.web.ServletTestExecutionListener, org.springframework.test.context.support.DirtiesContextBeforeModesTestExecutionListener, org.springframework.test.context.support.DependencyInjectionTestExecutionListener, org.springframework.test.context.support.DirtiesContextTestExecutionListener, org.springframework.test.context.transaction.TransactionalTestExecutionListener, org.springframework.test.context.jdbc.SqlScriptsTestExecutionListener, org.springframework.test.context.event.EventPublishingTestExecutionListener]
22:26:42.325 [Test worker] INFO  o.s.b.t.c.SpringBootTestContextBootstrapper - Using TestExecutionListeners: [org.springframework.test.context.web.ServletTestExecutionListener@5b0fdef0, org.springframework.test.context.support.DirtiesContextBeforeModesTestExecutionListener@1d8f52d, org.springframework.boot.test.mock.mockito.MockitoTestExecutionListener@3c2694f2, org.springframework.boot.test.autoconfigure.SpringBootDependencyInjectionTestExecutionListener@2a713a67, org.springframework.test.context.support.DirtiesContextTestExecutionListener@fac9987, org.springframework.test.context.transaction.TransactionalTestExecutionListener@499b74c2, org.springframework.test.context.jdbc.SqlScriptsTestExecutionListener@4112f807, org.springframework.security.test.context.support.WithSecurityContextTestExecutionListener@62135040, org.springframework.test.context.event.EventPublishingTestExecutionListener@9188d24, org.springframework.security.test.context.support.ReactorContextTestExecutionListener@1bb7c5a1, org.springframework.boot.test.autoconfigure.restdocs.RestDocsTestExecutionListener@4db3d410, org.springframework.boot.test.autoconfigure.web.client.MockRestServiceServerResetTestExecutionListener@355a0cb6, org.springframework.boot.test.autoconfigure.web.servlet.MockMvcPrintOnlyOnFailureTestExecutionListener@7866c694, org.springframework.boot.test.autoconfigure.web.servlet.WebDriverTestExecutionListener@5d598ef4, org.springframework.boot.test.autoconfigure.webservices.client.MockWebServiceServerTestExecutionListener@e19c21b, org.springframework.boot.test.mock.mockito.ResetMocksTestExecutionListener@6b4340d2]

  .   ____          _            __ _ _
 /\\ / ___'_ __ _ _(_)_ __  __ _ \ \ \ \
( ( )\___ | '_ | '_| | '_ \/ _` | \ \ \ \
 \\/  ___)| |_)| | | | | || (_| |  ) ) ) )
  '  |____| .__|_| |_|_| |_\__, | / / / /
 =========|_|==============|___/=/_/_/_/
 :: Spring Boot ::        (v2.3.3.RELEASE)

22:26:42.351 [Test worker] INFO  c.d.p.ProductsApiApplicationTests - Starting ProductsApiApplicationTests on 000868 with PID 12454 (started by danielsmanioto in /home/danielsmanioto/projetos/pessoais/products-api)
22:26:42.351 [Test worker] INFO  c.d.p.ProductsApiApplicationTests - No active profile set, falling back to default profiles: default
22:26:42.548 [Test worker] INFO  o.s.d.r.c.RepositoryConfigurationDelegate - Multiple Spring Data modules found, entering strict repository configuration mode!
22:26:42.549 [Test worker] INFO  o.s.d.r.c.RepositoryConfigurationDelegate - Bootstrapping Spring Data MongoDB repositories in DEFAULT mode.
22:26:42.558 [Test worker] INFO  o.s.d.r.c.RepositoryConfigurationDelegate - Finished Spring Data repository scanning in 9ms. Found 1 MongoDB repository interfaces.
22:26:42.742 [Test worker] INFO  org.mongodb.driver.cluster - Cluster created with settings {hosts=[127.0.0.1:27017], mode=SINGLE, requiredClusterType=UNKNOWN, serverSelectionTimeout='30000 ms'}
22:26:42.747 [cluster-ClusterId{value='5f5ad2525ce47330539809b1', description='null'}-127.0.0.1:27017] INFO  org.mongodb.driver.connection - Opened connection [connectionId{localValue:2, serverValue:39}] to 127.0.0.1:27017
22:26:42.751 [cluster-ClusterId{value='5f5ad2525ce47330539809b1', description='null'}-127.0.0.1:27017] INFO  org.mongodb.driver.cluster - Monitor thread successfully connected to server with description ServerDescription{address=127.0.0.1:27017, type=STANDALONE, state=CONNECTED, ok=true, minWireVersion=0, maxWireVersion=8, maxDocumentSize=16777216, logicalSessionTimeoutMinutes=30, roundTripTimeNanos=1130089}
22:26:43.080 [Test worker] INFO  o.s.s.web.DefaultSecurityFilterChain - Creating filter chain: any request, [org.springframework.security.web.context.request.async.WebAsyncManagerIntegrationFilter@46fe9db5, org.springframework.security.web.context.SecurityContextPersistenceFilter@2e496576, org.springframework.security.web.header.HeaderWriterFilter@6afab231, org.springframework.security.web.authentication.logout.LogoutFilter@32452ff5, org.springframework.security.web.authentication.www.BasicAuthenticationFilter@444fbce0, org.springframework.security.web.savedrequest.RequestCacheAwareFilter@61a18091, org.springframework.security.web.servletapi.SecurityContextHolderAwareRequestFilter@5ef5cdae, org.springframework.security.web.authentication.AnonymousAuthenticationFilter@26bc0d26, org.springframework.security.web.session.SessionManagementFilter@576bcab4, org.springframework.security.web.access.ExceptionTranslationFilter@2b5c9f79, org.springframework.security.web.access.intercept.FilterSecurityInterceptor@77d03a9a]
22:26:43.098 [Test worker] INFO  s.d.s.w.PropertySourcedRequestMappingHandlerMapping - Mapped URL path [/v2/api-docs] onto method [springfox.documentation.swagger2.web.Swagger2Controller#getDocumentation(String, HttpServletRequest)]
22:26:43.239 [Test worker] INFO  o.s.s.c.ThreadPoolTaskExecutor - Initializing ExecutorService 'applicationTaskExecutor'
22:26:43.390 [Test worker] INFO  s.d.s.w.p.DocumentationPluginsBootstrapper - Context refreshed
22:26:43.390 [Test worker] INFO  s.d.s.w.p.DocumentationPluginsBootstrapper - Found 1 custom documentation plugin(s)
22:26:43.396 [Test worker] INFO  s.d.s.w.s.ApiListingReferenceScanner - Scanning for api listing references
22:26:43.425 [Test worker] INFO  c.d.p.ProductsApiApplicationTests - Started ProductsApiApplicationTests in 1.097 seconds (JVM running for 6.531)
]]></system-out>
  <system-err><![CDATA[]]></system-err>
</testsuite>
