<?xml version="1.0" encoding="UTF-8"?>
<testsuite name="com.dsmanioto.productsapi.controller.ProductControllerTest" tests="2" skipped="0" failures="0" errors="0" timestamp="2020-09-11T01:11:51" hostname="000868" time="0.207">
  <properties/>
  <testcase name="findById()" classname="com.dsmanioto.productsapi.controller.ProductControllerTest" time="0.17"/>
  <testcase name="findAllOrdenedByName()" classname="com.dsmanioto.productsapi.controller.ProductControllerTest" time="0.035"/>
  <system-out><![CDATA[22:11:45.542 [Test worker] INFO  o.s.b.t.c.SpringBootTestContextBootstrapper - Neither @ContextConfiguration nor @ContextHierarchy found for test class [com.dsmanioto.productsapi.controller.ProductControllerTest], using SpringBootContextLoader
22:11:45.550 [Test worker] INFO  o.s.t.c.s.AbstractContextLoader - Could not detect default resource locations for test class [com.dsmanioto.productsapi.controller.ProductControllerTest]: no resource found for suffixes {-context.xml, Context.groovy}.
22:11:45.553 [Test worker] INFO  o.s.t.c.s.AnnotationConfigContextLoaderUtils - Could not detect default configuration classes for test class [com.dsmanioto.productsapi.controller.ProductControllerTest]: ProductControllerTest does not declare any static, non-private, non-final, nested classes annotated with @Configuration.
22:11:45.683 [Test worker] INFO  o.s.b.t.c.SpringBootTestContextBootstrapper - Found @SpringBootConfiguration com.dsmanioto.productsapi.ProductsApiApplication for test class com.dsmanioto.productsapi.controller.ProductControllerTest
22:11:45.768 [Test worker] INFO  o.s.b.t.c.SpringBootTestContextBootstrapper - Loaded default TestExecutionListener class names from location [META-INF/spring.factories]: [org.springframework.security.test.context.support.WithSecurityContextTestExecutionListener, org.springframework.security.test.context.support.ReactorContextTestExecutionListener, org.springframework.boot.test.autoconfigure.restdocs.RestDocsTestExecutionListener, org.springframework.boot.test.autoconfigure.web.client.MockRestServiceServerResetTestExecutionListener, org.springframework.boot.test.autoconfigure.web.servlet.MockMvcPrintOnlyOnFailureTestExecutionListener, org.springframework.boot.test.autoconfigure.web.servlet.WebDriverTestExecutionListener, org.springframework.boot.test.autoconfigure.webservices.client.MockWebServiceServerTestExecutionListener, org.springframework.boot.test.mock.mockito.MockitoTestExecutionListener, org.springframework.boot.test.mock.mockito.ResetMocksTestExecutionListener, org.springframework.test.context.web.ServletTestExecutionListener, org.springframework.test.context.support.DirtiesContextBeforeModesTestExecutionListener, org.springframework.test.context.support.DependencyInjectionTestExecutionListener, org.springframework.test.context.support.DirtiesContextTestExecutionListener, org.springframework.test.context.transaction.TransactionalTestExecutionListener, org.springframework.test.context.jdbc.SqlScriptsTestExecutionListener, org.springframework.test.context.event.EventPublishingTestExecutionListener]
22:11:45.781 [Test worker] INFO  o.s.b.t.c.SpringBootTestContextBootstrapper - Using TestExecutionListeners: [org.springframework.test.context.web.ServletTestExecutionListener@43a00d23, org.springframework.test.context.support.DirtiesContextBeforeModesTestExecutionListener@27522fb3, org.springframework.boot.test.mock.mockito.MockitoTestExecutionListener@6aa0bc2e, org.springframework.boot.test.autoconfigure.SpringBootDependencyInjectionTestExecutionListener@1331ac3f, org.springframework.test.context.support.DirtiesContextTestExecutionListener@503b726f, org.springframework.test.context.transaction.TransactionalTestExecutionListener@66a2f06c, org.springframework.test.context.jdbc.SqlScriptsTestExecutionListener@98c715a, org.springframework.security.test.context.support.WithSecurityContextTestExecutionListener@17427400, org.springframework.test.context.event.EventPublishingTestExecutionListener@1ce1c48d, org.springframework.security.test.context.support.ReactorContextTestExecutionListener@6db166ed, org.springframework.boot.test.autoconfigure.restdocs.RestDocsTestExecutionListener@7dddca0, org.springframework.boot.test.autoconfigure.web.client.MockRestServiceServerResetTestExecutionListener@3bb5a2f, org.springframework.boot.test.autoconfigure.web.servlet.MockMvcPrintOnlyOnFailureTestExecutionListener@11ec3379, org.springframework.boot.test.autoconfigure.web.servlet.WebDriverTestExecutionListener@770ca9a7, org.springframework.boot.test.autoconfigure.webservices.client.MockWebServiceServerTestExecutionListener@1e5d533a, org.springframework.boot.test.mock.mockito.ResetMocksTestExecutionListener@47ee08fc]

  .   ____          _            __ _ _
 /\\ / ___'_ __ _ _(_)_ __  __ _ \ \ \ \
( ( )\___ | '_ | '_| | '_ \/ _` | \ \ \ \
 \\/  ___)| |_)| | | | | || (_| |  ) ) ) )
  '  |____| .__|_| |_|_| |_\__, | / / / /
 =========|_|==============|___/=/_/_/_/
 :: Spring Boot ::        (v2.3.3.RELEASE)

22:11:46.116 [Test worker] INFO  c.d.p.c.ProductControllerTest - Starting ProductControllerTest on 000868 with PID 9244 (started by danielsmanioto in /home/danielsmanioto/projetos/pessoais/products-api)
22:11:46.122 [Test worker] INFO  c.d.p.c.ProductControllerTest - No active profile set, falling back to default profiles: default
22:11:46.888 [Test worker] INFO  o.s.d.r.c.RepositoryConfigurationDelegate - Multiple Spring Data modules found, entering strict repository configuration mode!
22:11:46.889 [Test worker] INFO  o.s.d.r.c.RepositoryConfigurationDelegate - Bootstrapping Spring Data MongoDB repositories in DEFAULT mode.
22:11:46.932 [Test worker] INFO  o.s.d.r.c.RepositoryConfigurationDelegate - Finished Spring Data repository scanning in 39ms. Found 1 MongoDB repository interfaces.
22:11:49.110 [Test worker] INFO  org.mongodb.driver.cluster - Cluster created with settings {hosts=[127.0.0.1:27017], mode=SINGLE, requiredClusterType=UNKNOWN, serverSelectionTimeout='30000 ms'}
22:11:49.191 [cluster-ClusterId{value='5f5aced587bcba7400eea1f4', description='null'}-127.0.0.1:27017] INFO  org.mongodb.driver.connection - Opened connection [connectionId{localValue:1, serverValue:33}] to 127.0.0.1:27017
22:11:49.196 [cluster-ClusterId{value='5f5aced587bcba7400eea1f4', description='null'}-127.0.0.1:27017] INFO  org.mongodb.driver.cluster - Monitor thread successfully connected to server with description ServerDescription{address=127.0.0.1:27017, type=STANDALONE, state=CONNECTED, ok=true, minWireVersion=0, maxWireVersion=8, maxDocumentSize=16777216, logicalSessionTimeoutMinutes=30, roundTripTimeNanos=2921416}
22:11:49.635 [Test worker] INFO  o.s.s.web.DefaultSecurityFilterChain - Creating filter chain: any request, [org.springframework.security.web.context.request.async.WebAsyncManagerIntegrationFilter@18c9a4d1, org.springframework.security.web.context.SecurityContextPersistenceFilter@7aed6075, org.springframework.security.web.header.HeaderWriterFilter@5c3d19d8, org.springframework.security.web.authentication.logout.LogoutFilter@7dd5fb27, org.springframework.security.web.authentication.www.BasicAuthenticationFilter@6fa4c80c, org.springframework.security.web.savedrequest.RequestCacheAwareFilter@59eb146a, org.springframework.security.web.servletapi.SecurityContextHolderAwareRequestFilter@1d97dba9, org.springframework.security.web.authentication.AnonymousAuthenticationFilter@3c50c86e, org.springframework.security.web.session.SessionManagementFilter@50ea7142, org.springframework.security.web.access.ExceptionTranslationFilter@2c08d858, org.springframework.security.web.access.intercept.FilterSecurityInterceptor@63c9d729]
22:11:49.720 [Test worker] INFO  s.d.s.w.PropertySourcedRequestMappingHandlerMapping - Mapped URL path [/v2/api-docs] onto method [springfox.documentation.swagger2.web.Swagger2Controller#getDocumentation(String, HttpServletRequest)]
22:11:50.323 [Test worker] INFO  o.s.s.c.ThreadPoolTaskExecutor - Initializing ExecutorService 'applicationTaskExecutor'
22:11:50.818 [Test worker] INFO  o.s.b.t.m.w.SpringBootMockServletContext - Initializing Spring TestDispatcherServlet ''
22:11:50.818 [Test worker] INFO  o.s.t.w.s.TestDispatcherServlet - Initializing Servlet ''
22:11:50.834 [Test worker] INFO  o.s.t.w.s.TestDispatcherServlet - Completed initialization in 16 ms
22:11:50.859 [Test worker] INFO  s.d.s.w.p.DocumentationPluginsBootstrapper - Context refreshed
22:11:50.881 [Test worker] INFO  s.d.s.w.p.DocumentationPluginsBootstrapper - Found 1 custom documentation plugin(s)
22:11:50.934 [Test worker] INFO  s.d.s.w.s.ApiListingReferenceScanner - Scanning for api listing references
22:11:51.118 [Test worker] INFO  c.d.p.c.ProductControllerTest - Started ProductControllerTest in 5.304 seconds (JVM running for 6.546)
]]></system-out>
  <system-err><![CDATA[]]></system-err>
</testsuite>
